<?xml version="1.0" encoding="UTF-8"?>
<!-- Generated by org.testng.reporters.JUnitXMLReporter -->
<testsuite hostname="LAPTOP-5SFVC786" ignored="1" name="Command line test" tests="7" failures="1" timestamp="24 九月 2020 08:05:36 GMT" time="0.058" errors="0">
  <testcase name="test1" time="0.008" classname="com.course.testng.suite.DependTest"/>
  <testcase name="test2" time="0.001" classname="com.course.testng.suite.DependTest"/>
  <testcase name="ignore1" time="0.0" classname="com.course.testng.suite.ignoreTest"/>
  <testcase name="ignore3" time="0.001" classname="com.course.testng.suite.ignoreTest"/>
  <testcase name="loginTaobao" time="0.0" classname="com.course.testng.suite.LoginTest"/>
  <testcase name="paramTest1" time="0.0" classname="com.course.testng.suite.paramter.ParamterTest">
    <failure type="org.testng.TestNGException" message="
Parameter &amp;apos;name&amp;apos; is required by @Test on method paramTest1 but has not been marked @Optional or defined
">
      <![CDATA[org.testng.TestNGException: 
Parameter 'name' is required by @Test on method paramTest1 but has not been marked @Optional or defined

... Removed 33 stack frames]]>
    </failure>
  </testcase> <!-- paramTest1 -->
  <testcase name="paySuccess" time="0.0" classname="com.course.testng.suite.PayTest"/>
  <testcase name="ignore2" time="0.0" classname="com.course.testng.suite.ignoreTest">
    <ignored/>
  </testcase> <!-- ignore2 -->
</testsuite> <!-- Command line test -->
